<?xml version="1.0" encoding="UTF-8"?>
<testng-results skipped="0" failed="0" ignored="0" total="1" passed="1">
  <reporter-output>
  </reporter-output>
  <suite name="Suite" duration-ms="96233" started-at="2020-05-06T01:26:29 AEST" finished-at="2020-05-06T01:28:05 AEST">
    <groups>
    </groups>
    <test name="Test" duration-ms="96233" started-at="2020-05-06T01:26:29 AEST" finished-at="2020-05-06T01:28:05 AEST">
      <class name="AmazonTestSuite.loginTestCases">
        <test-method status="PASS" signature="killAllNodes()[pri:0, instance:AmazonTestSuite.loginTestCases@614ddd49]" name="killAllNodes" is-config="true" duration-ms="3050" started-at="2020-05-06T01:26:29 AEST" finished-at="2020-05-06T01:26:32 AEST">
          <reporter-output>
          </reporter-output>
        </test-method> <!-- killAllNodes -->
        <test-method status="PASS" signature="Amazonlogin(java.lang.String, java.lang.String, java.lang.String, java.lang.String, java.lang.String, java.lang.String, java.lang.String, java.lang.String, java.lang.String)[pri:0, instance:AmazonTestSuite.loginTestCases@614ddd49]" name="Amazonlogin" duration-ms="93117" started-at="2020-05-06T01:26:32 AEST" data-provider="InputData" finished-at="2020-05-06T01:28:05 AEST">
          <params>
            <param index="0">
              <value>
                <![CDATA[radhika.muvvala@gmail.com]]>
              </value>
            </param>
            <param index="1">
              <value>
                <![CDATA[9963524480]]>
              </value>
            </param>
            <param index="2">
              <value>
                <![CDATA[65 inch TV ]]>
              </value>
            </param>
            <param index="3">
              <value>
                <![CDATA[Aiwa 50 inches 4K Ultra]]>
              </value>
            </param>
            <param index="4">
              <value>
                <![CDATA[Add to Cart]]>
              </value>
            </param>
            <param index="5">
              <value>
                <![CDATA[Anusha]]>
              </value>
            </param>
            <param index="6">
              <value>
                <![CDATA[5105 1051 0510 5100]]>
              </value>
            </param>
            <param index="7">
              <value>
                <![CDATA[Thank you, your order has been placed.]]>
              </value>
            </param>
            <param index="8">
              <value>
                <![CDATA[Thank you, your order has been placed.]]>
              </value>
            </param>
          </params>
          <reporter-output>
          </reporter-output>
        </test-method> <!-- Amazonlogin -->
      </class> <!-- AmazonTestSuite.loginTestCases -->
    </test> <!-- Test -->
  </suite> <!-- Suite -->
</testng-results>
